================================================================
  BATCH PROCESSING START -  1 ноя 2025 г.  1:01:01
  Config: config/batch_full.yaml
================================================================


[1] Processing: 2024_final_dora_report.pdf
----------------------------------------
[OK] ✓ Success
Stats: 1 OK / 0 FAIL / 1 total

[2] Processing: Actionable_Agile_Metrics_for_Predictability_An_Introduction_-_Daniel_S_Vacanti.pdf
----------------------------------------
[OK] ✓ Success
Stats: 2 OK / 0 FAIL / 2 total

[3] Processing: Agile_Conversations_-_Douglas_SquirrelJeffrey_Fredrick.pdf
----------------------------------------
[OK] ✓ Success
Stats: 3 OK / 0 FAIL / 3 total

[4] Processing: Agile-Metrics-in-Action.pdf
----------------------------------------
[OK] ✓ Success
Stats: 4 OK / 0 FAIL / 4 total

[5] Processing: baza-znanij-safe®-russia.pdf
----------------------------------------
[FAIL] ✗ Failed (see logs/batch_v2/baza-znanij-safe®-russia.log)
Stats: 4 OK / 1 FAIL / 5 total

[6] Processing: Continuous_Discovery_Habits_-_Teresa_Torres.pdf
----------------------------------------
[OK] ✓ Success
Stats: 5 OK / 1 FAIL / 6 total

[7] Processing: data-driven-organization-design-sustaining-the-competitive-edge-through-organizational-analytics.pdf
----------------------------------------
[OK] ✓ Success
Stats: 6 OK / 1 FAIL / 7 total

[8] Processing: Data-Science-for-Business.pdf
----------------------------------------
[OK] ✓ Success
Stats: 7 OK / 1 FAIL / 8 total

[9] Processing: Escaping_the_build_trap_-_Melissa_Perri.pdf
----------------------------------------
[OK] ✓ Success
Stats: 8 OK / 1 FAIL / 9 total

[10] Processing: Forsgren N., Humble J., Kim G.- Accelerate. The Science of DevOps - 2018.pdf
----------------------------------------
[OK] ✓ Success
Stats: 9 OK / 1 FAIL / 10 total

[11] Processing: GOOD-STRATEGY-BAD-STRATEGY.pdf
----------------------------------------
[OK] ✓ Success
Stats: 10 OK / 1 FAIL / 11 total

[12] Processing: Hooked-How-to-Build-Habit-Forming-Products.pdf
----------------------------------------
[OK] ✓ Success
Stats: 11 OK / 1 FAIL / 12 total

[13] Processing: Lean_Analytics.pdf
----------------------------------------
[OK] ✓ Success
Stats: 12 OK / 1 FAIL / 13 total

[14] Processing: measure-what-matters-by-john-doerr.pdf
----------------------------------------
[OK] ✓ Success
Stats: 13 OK / 1 FAIL / 14 total

[15] Processing: naked-statistics-pdf.pdf
----------------------------------------
[OK] ✓ Success
Stats: 14 OK / 1 FAIL / 15 total

[16] Processing: norton_kaplan_balanced_scorecard.pdf
----------------------------------------
[OK] ✓ Success
Stats: 15 OK / 1 FAIL / 16 total

[17] Processing: Playing_to_Win__How_Strategy_Really_Works_-_AG_Lafley.pdf
----------------------------------------
[OK] ✓ Success
Stats: 16 OK / 1 FAIL / 17 total

[18] Processing: Team_Topologies_Organizing_Business_and_Technology_Teams_for_Fast_Flow_-_Matthew_Skelton.pdf
----------------------------------------
[OK] ✓ Success
Stats: 17 OK / 1 FAIL / 18 total

[19] Processing: Каган Марти - Вдохновленные - 2020.pdf
----------------------------------------
[FAIL] ✗ Failed (see logs/batch_v2/Каган Марти - Вдохновленные - 2020.log)
Stats: 17 OK / 2 FAIL / 19 total
[SKIP] Ядро 2025-08-29.pdf (excluded)

================================================================
  BATCH PROCESSING COMPLETE
================================================================
Total processed: 19
Successful: 17
Failed: 2
Completion time:  1 ноя 2025 г.  1:36:18
================================================================
