[WARN] OCR not available
2025-11-05 17:50:07,526 - faiss.loader - INFO - Loading faiss with AVX512 support.
2025-11-05 17:50:07,526 - faiss.loader - INFO - Could not load library with AVX512 support due to:
ModuleNotFoundError("No module named 'faiss.swigfaiss_avx512'")
2025-11-05 17:50:07,526 - faiss.loader - INFO - Loading faiss with AVX2 support.
2025-11-05 17:50:07,538 - faiss.loader - INFO - Successfully loaded faiss with AVX2 support.
2025-11-05 17:50:07,543 - am_common - INFO - Loading config: config\batch_full.yaml
2025-11-05 17:50:07,558 - am_common - INFO - Config loaded successfully
2025-11-05 17:50:07,558 - quality_tracker - INFO - Quality tracker initialized: c:\scripts\1repo\data\quality
2025-11-05 17:50:07,559 - __main__ - INFO - ============================================================
2025-11-05 17:50:07,566 - __main__ - INFO -   🚀 archivist magika 2.0.0
2025-11-05 17:50:07,566 - __main__ - INFO - ============================================================
2025-11-05 17:50:07,566 - __main__ - INFO - Quality check: enabled
2025-11-05 17:50:07,566 - __main__ - INFO - Validation: enabled
2025-11-05 17:50:07,566 - __main__ - INFO - Dry run: no
2025-11-05 17:50:07,566 - __main__ - INFO - Starting: run_single_pipeline
2025-11-05 17:50:07,566 - __main__ - INFO - Processing: kagan_marti_vdohnovlennye_2020.dataset.chunks.jsonl
2025-11-05 17:50:07,566 - __main__ - INFO - Pipeline: embed → embed
2025-11-05 17:50:07,566 - __main__ - INFO - Stages: embed
2025-11-05 17:50:07,566 - __main__ - INFO - ============================================================
2025-11-05 17:50:07,566 - __main__ - INFO -   🔢 Starting: EMBED
2025-11-05 17:50:07,566 - __main__ - INFO - ============================================================
2025-11-05 17:50:07,567 - am_common - INFO - Loading config: config\batch_full.yaml
2025-11-05 17:50:07,581 - am_common - INFO - Config loaded successfully
2025-11-05 17:50:07,581 - am_embed - INFO - [sentence-transformers] Loading model: all-MiniLM-L6-v2
2025-11-05 17:50:07,581 - sentence_transformers.SentenceTransformer - INFO - Use pytorch device_name: cpu
2025-11-05 17:50:07,581 - sentence_transformers.SentenceTransformer - INFO - Load pretrained SentenceTransformer: all-MiniLM-L6-v2
2025-11-05 17:50:22,563 - am_embed - INFO - [sentence-transformers] Embedding dimension: 384
2025-11-05 17:50:22,563 - am_embed - INFO - Processing: kagan_marti_vdohnovlennye_2020.dataset.chunks.jsonl
2025-11-05 17:50:22,575 - am_embed - INFO - Loaded 682 chunks
2025-11-05 17:50:22,575 - am_embed - INFO - Encoding 682 chunks in 22 batches
2025-11-05 17:50:25,453 - am_embed - INFO - Processed batch 10/22
2025-11-05 17:50:28,323 - am_embed - INFO - Processed batch 20/22
2025-11-05 17:50:28,695 - am_embed - INFO - Encoded 682 embeddings, 0 failures
2025-11-05 17:50:28,696 - am_embed - INFO - Building FAISS index: flat, metric=cosine
2025-11-05 17:50:28,696 - am_embed - INFO - Vectors: 682, Dimension: 384
2025-11-05 17:50:28,696 - am_embed - INFO - FAISS index built: 682 vectors
2025-11-05 17:50:28,697 - am_embed - INFO - Saved FAISS index: kagan_marti_vdohnovlennye_2020.dataset.faiss (1023.04 KB)
2025-11-05 17:50:28,708 - am_embed - INFO - Saved metadata: kagan_marti_vdohnovlennye_2020.dataset.pkl (1.22 MB)
2025-11-05 17:50:28,710 - quality_tracker - INFO - Starting: track_quality
2025-11-05 17:50:28,710 - quality_tracker - INFO - embed metrics:
2025-11-05 17:50:28,710 - quality_tracker - INFO -   total_vectors: 682
2025-11-05 17:50:28,710 - quality_tracker - INFO -   embedding_dim: 384
2025-11-05 17:50:28,710 - quality_tracker - INFO -   embedding_failures: 0
2025-11-05 17:50:28,710 - quality_tracker - INFO -   failure_rate: 0.0000
2025-11-05 17:50:28,710 - quality_tracker - INFO -   avg_norm: 1.0000
2025-11-05 17:50:28,710 - quality_tracker - INFO -   min_norm: 1.0000
2025-11-05 17:50:28,711 - quality_tracker - INFO -   max_norm: 1.0000
2025-11-05 17:50:28,711 - quality_tracker - INFO - ✓ Quality thresholds passed for embed
2025-11-05 17:50:28,711 - quality_tracker - INFO - Completed: track_quality (0.00s)
2025-11-05 17:50:28,711 - am_embed - INFO - Saved: kagan_marti_vdohnovlennye_2020.dataset.faiss, kagan_marti_vdohnovlennye_2020.dataset.pkl
2025-11-05 17:50:28,712 - __main__ - INFO - ============================================================
2025-11-05 17:50:28,712 - __main__ - INFO -   🔢 Completed: EMBED
2025-11-05 17:50:28,712 - __main__ - INFO - ============================================================
2025-11-05 17:50:28,712 - __main__ - INFO - Pipeline status: completed
2025-11-05 17:50:28,712 - __main__ - INFO - Completed: run_single_pipeline (21.15s)
2025-11-05 17:50:28,712 - __main__ - INFO - ============================================================
2025-11-05 17:50:28,712 - __main__ - INFO -   📊 FINAL REPORTS
2025-11-05 17:50:28,712 - __main__ - INFO - ============================================================
2025-11-05 17:50:28,712 - __main__ - INFO - ============================================================
2025-11-05 17:50:28,712 - __main__ - INFO -   Performance Summary
2025-11-05 17:50:28,712 - __main__ - INFO - ============================================================
2025-11-05 17:50:28,712 - __main__ - INFO - 
run_single_pipeline:
2025-11-05 17:50:28,712 - __main__ - INFO -   Count: 1
2025-11-05 17:50:28,712 - __main__ - INFO -   Total: 21.15s
2025-11-05 17:50:28,712 - __main__ - INFO -   Avg: 21.15s
2025-11-05 17:50:28,712 - __main__ - INFO -   Min: 21.15s
2025-11-05 17:50:28,712 - __main__ - INFO -   Max: 21.15s
2025-11-05 17:50:28,712 - __main__ - INFO - 
track_quality:
2025-11-05 17:50:28,712 - __main__ - INFO -   Count: 1
2025-11-05 17:50:28,712 - __main__ - INFO -   Total: 0.00s
2025-11-05 17:50:28,712 - __main__ - INFO -   Avg: 0.00s
2025-11-05 17:50:28,712 - __main__ - INFO -   Min: 0.00s
2025-11-05 17:50:28,712 - __main__ - INFO -   Max: 0.00s
2025-11-05 17:50:28,713 - __main__ - INFO - No errors or warnings recorded
2025-11-05 17:50:28,713 - __main__ - INFO - 
2025-11-05 17:50:28,713 - quality_tracker - INFO - Starting: generate_quality_report
2025-11-05 17:50:28,713 - quality_tracker - INFO - Quality report saved: c:\scripts\1repo\data\quality\quality_report_20251105_175028.json
2025-11-05 17:50:28,714 - quality_tracker - INFO - Completed: generate_quality_report (0.00s)
2025-11-05 17:50:28,714 - quality_tracker - INFO - ============================================================
2025-11-05 17:50:28,714 - quality_tracker - INFO -   QUALITY REPORT
2025-11-05 17:50:28,714 - quality_tracker - INFO - ============================================================
2025-11-05 17:50:28,714 - quality_tracker - INFO - Generated: 2025-11-05T14:50:28Z
2025-11-05 17:50:28,714 - quality_tracker - INFO - Version: 2.0.0

2025-11-05 17:50:28,714 - quality_tracker - INFO - ------------------------------------------------------------
2025-11-05 17:50:28,714 - quality_tracker - INFO -   Stage: EMBED
2025-11-05 17:50:28,714 - quality_tracker - INFO - ------------------------------------------------------------
2025-11-05 17:50:28,714 - quality_tracker - INFO - Summary:
2025-11-05 17:50:28,714 - quality_tracker - INFO -   total_runs: 1
2025-11-05 17:50:28,714 - quality_tracker - INFO -   passed_threshold: 1
2025-11-05 17:50:28,714 - quality_tracker - INFO -   failed_threshold: 0
2025-11-05 17:50:28,714 - quality_tracker - INFO -   pass_rate: 100.0%
2025-11-05 17:50:28,714 - quality_tracker - INFO - 
Recent trend (last 1 runs):
2025-11-05 17:50:28,714 - quality_tracker - INFO -   Pass rate: 100.0%
2025-11-05 17:50:28,714 - quality_tracker - INFO - 
2025-11-05 17:50:28,714 - quality_tracker - INFO - ------------------------------------------------------------
2025-11-05 17:50:28,714 - quality_tracker - INFO -   PERFORMANCE SUMMARY
2025-11-05 17:50:28,714 - quality_tracker - INFO - ------------------------------------------------------------
2025-11-05 17:50:28,714 - quality_tracker - INFO - track_quality:
2025-11-05 17:50:28,714 - quality_tracker - INFO -   Count: 1, Avg: 0.00s
2025-11-05 17:50:28,714 - quality_tracker - INFO - run_single_pipeline:
2025-11-05 17:50:28,714 - quality_tracker - INFO -   Count: 1, Avg: 21.15s
2025-11-05 17:50:28,714 - __main__ - INFO - 
2025-11-05 17:50:28,715 - validate - INFO - ============================================================
2025-11-05 17:50:28,715 - validate - INFO -   Validation Summary
2025-11-05 17:50:28,715 - validate - INFO - ============================================================
2025-11-05 17:50:28,715 - validate - INFO - Overall Results:
2025-11-05 17:50:28,715 - validate - INFO -   total_datasets: 0
2025-11-05 17:50:28,715 - validate - INFO -   valid_datasets: 0
2025-11-05 17:50:28,715 - validate - INFO -   invalid_datasets: 0
2025-11-05 17:50:28,715 - validate - INFO -   total_errors: 0
2025-11-05 17:50:28,715 - validate - INFO -   total_warnings: 0
2025-11-05 17:50:28,715 - validate - INFO -   success_rate: 0.0000
2025-11-05 17:50:28,715 - validate - INFO -   timestamp: 2025-11-05T14:50:28.715018
2025-11-05 17:50:28,715 - __main__ - INFO - ============================================================
2025-11-05 17:50:28,715 - __main__ - INFO -   ✅ PIPELINE COMPLETED SUCCESSFULLY
2025-11-05 17:50:28,715 - __main__ - INFO - ============================================================
